\BOOKMARK [1][-]{section*.2}{Abbildungsverzeichnis}{}% 1
\BOOKMARK [1][-]{section*.3}{Tabellenverzeichnis}{}% 2
\BOOKMARK [1][-]{section*.4}{Abk\374rzungsverzeichnis}{}% 3
\BOOKMARK [1][-]{section.1}{Einleitung}{}% 4
\BOOKMARK [2][-]{subsection.1.1}{Zielsetzung}{section.1}% 5
\BOOKMARK [2][-]{subsection.1.2}{Aufbau der Arbeit}{section.1}% 6
\BOOKMARK [1][-]{section.2}{Informationen vom Thesis-Day}{}% 7
\BOOKMARK [2][-]{subsection.2.1}{Pre-Anmeldephase}{section.2}% 8
\BOOKMARK [3][-]{subsubsection.2.1.1}{Vor\374berlegungen}{subsection.2.1}% 9
\BOOKMARK [3][-]{subsubsection.2.1.2}{Anregungen finden}{subsection.2.1}% 10
\BOOKMARK [2][-]{subsection.2.2}{Anfertigungsphase}{section.2}% 11
\BOOKMARK [2][-]{subsection.2.3}{Post-Abgabephase}{section.2}% 12
\BOOKMARK [1][-]{section.3}{Latex-Details}{}% 13
\BOOKMARK [2][-]{subsection.3.1}{Verwendete Software, Editor und Zusatzpakete}{section.3}% 14
\BOOKMARK [3][-]{subsubsection.3.1.1}{Windows 8+}{subsection.3.1}% 15
\BOOKMARK [3][-]{subsubsection.3.1.2}{Mac OSX und iOS}{subsection.3.1}% 16
\BOOKMARK [3][-]{subsubsection.3.1.3}{Online}{subsection.3.1}% 17
\BOOKMARK [2][-]{subsection.3.2}{Dokumentenklasse}{section.3}% 18
\BOOKMARK [2][-]{subsection.3.3}{Grafiken}{section.3}% 19
\BOOKMARK [2][-]{subsection.3.4}{Quellcode}{section.3}% 20
\BOOKMARK [2][-]{subsection.3.5}{Tabellen}{section.3}% 21
\BOOKMARK [2][-]{subsection.3.6}{Biblatex}{section.3}% 22
\BOOKMARK [2][-]{subsection.3.7}{Listen und Aufz\344hlungen}{section.3}% 23
\BOOKMARK [3][-]{subsubsection.3.7.1}{Listen}{subsection.3.7}% 24
\BOOKMARK [3][-]{subsubsection.3.7.2}{Aufz\344hlungen}{subsection.3.7}% 25
\BOOKMARK [4][-]{paragraph.3.7.2.1}{Tiefste Ebene 1}{subsubsection.3.7.2}% 26
\BOOKMARK [4][-]{paragraph.3.7.2.2}{Tiefste Ebene 2}{subsubsection.3.7.2}% 27
\BOOKMARK [2][-]{subsection.3.8}{Skript zum Kompilieren}{section.3}% 28
\BOOKMARK [1][-]{section.4}{Fazit}{}% 29
\BOOKMARK [1][-]{section*.9}{Literaturverzeichnis}{}% 30
